Using pre-set license

 COMMAND LINE ARGUMENTS:
/Applications/Unity/Hub/Editor/2020.3.1f1/Unity.app/Contents/MacOS/Unity
-adb2
-batchMode
-noUpm
-name
AssetImportWorker0
-projectPath
/Users/danielwu/CPSC499
-logFile
Logs/AssetImportWorker0.log
-srvPort
50877
Successfully changed project path to: /Users/danielwu/CPSC499
/Users/danielwu/CPSC499
Using Asset Import Pipeline V2.
Refreshing native plugins compatible for Editor in 23.53 ms, found 1 plugins.
Preloading 0 native plugins for Editor in 0.00 ms.
Initialize engine version: 2020.3.1f1 (77a89f25062f)
[Subsystems] Discovering subsystems at path /Applications/Unity/Hub/Editor/2020.3.1f1/Unity.app/Contents/Resources/UnitySubsystems
[Subsystems] Discovering subsystems at path /Users/danielwu/CPSC499/Assets
GfxDevice: creating device client; threaded=0
2023-12-05 19:45:40.084 Unity[3737:108960] (null) preferred device: Apple M1 (high power)
2023-12-05 19:45:40.084 Unity[3737:108960] Metal devices available: 1
2023-12-05 19:45:40.084 Unity[3737:108960] 0: Apple M1 (high power)
2023-12-05 19:45:40.084 Unity[3737:108960] Using device Apple M1 (high power)
Initializing Metal device caps: Apple M1
Initialize mono
Mono path[0] = '/Applications/Unity/Hub/Editor/2020.3.1f1/Unity.app/Contents/Managed'
Mono path[1] = '/Applications/Unity/Hub/Editor/2020.3.1f1/Unity.app/Contents/MonoBleedingEdge/lib/mono/unityjit'
Mono config path = '/Applications/Unity/Hub/Editor/2020.3.1f1/Unity.app/Contents/MonoBleedingEdge/etc'
Using monoOptions --debugger-agent=transport=dt_socket,embedding=1,server=y,suspend=n,address=127.0.0.1:56737
Begin MonoManager ReloadAssembly
Registering precompiled unity dll's ...
Register platform support module: /Applications/Unity/Hub/Editor/2020.3.1f1/Unity.app/Contents/PlaybackEngines/MacStandaloneSupport/UnityEditor.OSXStandalone.Extensions.dll
Registered in 0.000483 seconds.
Native extension for OSXStandalone target not found
Refreshing native plugins compatible for Editor in 25.04 ms, found 1 plugins.
Preloading 0 native plugins for Editor in 0.00 ms.
Invoked RoslynAnalysisRunner static constructor.
RoslynAnalysisRunner will not be running.
RoslynAnalysisRunner has terminated.
Mono: successfully reloaded assembly
- Completed reload, in  3.293 seconds
Platform modules already initialized, skipping
Registering precompiled user dll's ...
Registered in 0.000503 seconds.
Begin MonoManager ReloadAssembly
Native extension for OSXStandalone target not found
Refreshing native plugins compatible for Editor in 0.21 ms, found 1 plugins.
Preloading 0 native plugins for Editor in 0.00 ms.
Invoked RoslynAnalysisRunner static constructor.
RoslynAnalysisRunner will not be running.
RoslynAnalysisRunner has terminated.
Mono: successfully reloaded assembly
- Completed reload, in  1.547 seconds
Platform modules already initialized, skipping
========================================================================
Worker process is ready to serve import requests
Launching external process: /Applications/Unity/Hub/Editor/2020.3.1f1/Unity.app/Contents/Tools/UnityShaderCompiler
Launched and connected shader compiler UnityShaderCompiler after 0.04 seconds
Refreshing native plugins compatible for Editor in 0.22 ms, found 1 plugins.
Preloading 0 native plugins for Editor in 0.00 ms.
Unloading 1139 Unused Serialized files (Serialized files now loaded: 0)
System memory in use before: 61.3 MB.
System memory in use after: 61.4 MB.

Unloading 9 unused Assets to reduce memory usage. Loaded Objects now: 1584.
Total: 2.015042 ms (FindLiveObjects: 0.275083 ms CreateObjectMapping: 0.031250 ms MarkObjects: 1.610667 ms  DeleteObjects: 0.095916 ms)

========================================================================
Received Import Request.
  path: Assets/Daniel_Assets/Window_Graph3.cs
  artifactKey: Guid(33157eb5c260a4b9485e849bb2fcb343) Importer(815301076,1909f56bfc062723c751e8b465ee728b)
Start importing Assets/Daniel_Assets/Window_Graph3.cs using Guid(33157eb5c260a4b9485e849bb2fcb343) Importer(815301076,1909f56bfc062723c751e8b465ee728b)  -> (artifact id: 'cb1fedf3219242d4b0855c758ff17058') in 0.210970 seconds
  Import took 0.212821 seconds .

========================================================================
Received Import Request.
  Time since last request: 3921.685300 seconds.
  path: Assets/Daniel_Scenes/graph1.unity
  artifactKey: Guid(c3f9267fb4af24f69918c3c5aea46505) Importer(815301076,1909f56bfc062723c751e8b465ee728b)
Start importing Assets/Daniel_Scenes/graph1.unity using Guid(c3f9267fb4af24f69918c3c5aea46505) Importer(815301076,1909f56bfc062723c751e8b465ee728b)  -> (artifact id: 'a593753cd72f0188b230150565a66838') in 0.022856 seconds
  Import took 0.028538 seconds .

========================================================================
Received Prepare
Registering precompiled user dll's ...
Registered in 0.000527 seconds.
Begin MonoManager ReloadAssembly
Native extension for OSXStandalone target not found
Refreshing native plugins compatible for Editor in 0.20 ms, found 1 plugins.
Preloading 0 native plugins for Editor in 0.00 ms.
Invoked RoslynAnalysisRunner static constructor.
RoslynAnalysisRunner will not be running.
RoslynAnalysisRunner has terminated.
Mono: successfully reloaded assembly
- Completed reload, in  1.378 seconds
Platform modules already initialized, skipping
Refreshing native plugins compatible for Editor in 0.21 ms, found 1 plugins.
Preloading 0 native plugins for Editor in 0.00 ms.
Unloading 1120 Unused Serialized files (Serialized files now loaded: 0)
System memory in use before: 140.3 MB.
System memory in use after: 140.4 MB.

Unloading 4 unused Assets to reduce memory usage. Loaded Objects now: 1587.
Total: 1.219041 ms (FindLiveObjects: 0.132583 ms CreateObjectMapping: 0.026958 ms MarkObjects: 1.036917 ms  DeleteObjects: 0.021500 ms)

========================================================================
Received Prepare
Registering precompiled user dll's ...
Registered in 0.000895 seconds.
Begin MonoManager ReloadAssembly
Native extension for OSXStandalone target not found
Refreshing native plugins compatible for Editor in 0.22 ms, found 1 plugins.
Preloading 0 native plugins for Editor in 0.00 ms.
Invoked RoslynAnalysisRunner static constructor.
RoslynAnalysisRunner will not be running.
RoslynAnalysisRunner has terminated.
Mono: successfully reloaded assembly
- Completed reload, in  1.460 seconds
Platform modules already initialized, skipping
Refreshing native plugins compatible for Editor in 0.22 ms, found 1 plugins.
Preloading 0 native plugins for Editor in 0.00 ms.
Unloading 1120 Unused Serialized files (Serialized files now loaded: 0)
System memory in use before: 141.7 MB.
System memory in use after: 141.8 MB.

Unloading 4 unused Assets to reduce memory usage. Loaded Objects now: 1590.
Total: 1.211084 ms (FindLiveObjects: 0.124584 ms CreateObjectMapping: 0.024166 ms MarkObjects: 1.044959 ms  DeleteObjects: 0.016292 ms)

========================================================================
Received Prepare
Registering precompiled user dll's ...
Registered in 0.000969 seconds.
Begin MonoManager ReloadAssembly
Native extension for OSXStandalone target not found
Refreshing native plugins compatible for Editor in 0.20 ms, found 1 plugins.
Preloading 0 native plugins for Editor in 0.00 ms.
Invoked RoslynAnalysisRunner static constructor.
RoslynAnalysisRunner will not be running.
RoslynAnalysisRunner has terminated.
Mono: successfully reloaded assembly
- Completed reload, in  1.471 seconds
Platform modules already initialized, skipping
Refreshing native plugins compatible for Editor in 0.19 ms, found 1 plugins.
Preloading 0 native plugins for Editor in 0.00 ms.
Unloading 1120 Unused Serialized files (Serialized files now loaded: 0)
System memory in use before: 143.1 MB.
System memory in use after: 143.2 MB.

Unloading 4 unused Assets to reduce memory usage. Loaded Objects now: 1593.
Total: 1.162875 ms (FindLiveObjects: 0.122375 ms CreateObjectMapping: 0.025000 ms MarkObjects: 0.996292 ms  DeleteObjects: 0.017417 ms)

========================================================================
Received Prepare
Registering precompiled user dll's ...
Registered in 0.000516 seconds.
Begin MonoManager ReloadAssembly
Native extension for OSXStandalone target not found
Refreshing native plugins compatible for Editor in 0.19 ms, found 1 plugins.
Preloading 0 native plugins for Editor in 0.00 ms.
Invoked RoslynAnalysisRunner static constructor.
RoslynAnalysisRunner will not be running.
RoslynAnalysisRunner has terminated.
Mono: successfully reloaded assembly
- Completed reload, in  1.387 seconds
Platform modules already initialized, skipping
Refreshing native plugins compatible for Editor in 0.20 ms, found 1 plugins.
Preloading 0 native plugins for Editor in 0.00 ms.
Unloading 1120 Unused Serialized files (Serialized files now loaded: 0)
System memory in use before: 144.5 MB.
System memory in use after: 144.6 MB.

Unloading 4 unused Assets to reduce memory usage. Loaded Objects now: 1596.
Total: 1.151375 ms (FindLiveObjects: 0.122000 ms CreateObjectMapping: 0.025834 ms MarkObjects: 0.986916 ms  DeleteObjects: 0.014917 ms)

========================================================================
Received Import Request.
  Time since last request: 1148.115652 seconds.
  path: Assets/Daniel_Scenes/graph1.unity
  artifactKey: Guid(c3f9267fb4af24f69918c3c5aea46505) Importer(815301076,1909f56bfc062723c751e8b465ee728b)
Start importing Assets/Daniel_Scenes/graph1.unity using Guid(c3f9267fb4af24f69918c3c5aea46505) Importer(815301076,1909f56bfc062723c751e8b465ee728b)  -> (artifact id: '4a740da550b0356474a8e1be5df81dd3') in 0.017368 seconds
  Import took 0.020182 seconds .

========================================================================
Received Prepare
Registering precompiled user dll's ...
Registered in 0.000529 seconds.
Begin MonoManager ReloadAssembly
Native extension for OSXStandalone target not found
Refreshing native plugins compatible for Editor in 0.22 ms, found 1 plugins.
Preloading 0 native plugins for Editor in 0.00 ms.
Invoked RoslynAnalysisRunner static constructor.
RoslynAnalysisRunner will not be running.
RoslynAnalysisRunner has terminated.
Mono: successfully reloaded assembly
- Completed reload, in  1.412 seconds
Platform modules already initialized, skipping
Refreshing native plugins compatible for Editor in 0.21 ms, found 1 plugins.
Preloading 0 native plugins for Editor in 0.00 ms.
Unloading 1120 Unused Serialized files (Serialized files now loaded: 0)
System memory in use before: 145.9 MB.
System memory in use after: 146.0 MB.

Unloading 4 unused Assets to reduce memory usage. Loaded Objects now: 1599.
Total: 1.100250 ms (FindLiveObjects: 0.092042 ms CreateObjectMapping: 0.025083 ms MarkObjects: 0.971333 ms  DeleteObjects: 0.010625 ms)

========================================================================
Received Prepare
Registering precompiled user dll's ...
Registered in 0.000874 seconds.
Begin MonoManager ReloadAssembly
Native extension for OSXStandalone target not found
Refreshing native plugins compatible for Editor in 0.25 ms, found 1 plugins.
Preloading 0 native plugins for Editor in 0.00 ms.
Invoked RoslynAnalysisRunner static constructor.
RoslynAnalysisRunner will not be running.
RoslynAnalysisRunner has terminated.
Mono: successfully reloaded assembly
- Completed reload, in  1.420 seconds
Platform modules already initialized, skipping
Refreshing native plugins compatible for Editor in 0.23 ms, found 1 plugins.
Preloading 0 native plugins for Editor in 0.00 ms.
Unloading 1120 Unused Serialized files (Serialized files now loaded: 0)
System memory in use before: 147.3 MB.
System memory in use after: 147.4 MB.

Unloading 4 unused Assets to reduce memory usage. Loaded Objects now: 1602.
Total: 1.110291 ms (FindLiveObjects: 0.101083 ms CreateObjectMapping: 0.025167 ms MarkObjects: 0.967541 ms  DeleteObjects: 0.015500 ms)

========================================================================
Received Prepare
Registering precompiled user dll's ...
Registered in 0.000544 seconds.
Begin MonoManager ReloadAssembly
Native extension for OSXStandalone target not found
Refreshing native plugins compatible for Editor in 0.20 ms, found 1 plugins.
Preloading 0 native plugins for Editor in 0.00 ms.
Invoked RoslynAnalysisRunner static constructor.
RoslynAnalysisRunner will not be running.
RoslynAnalysisRunner has terminated.
Mono: successfully reloaded assembly
- Completed reload, in  1.385 seconds
Platform modules already initialized, skipping
Refreshing native plugins compatible for Editor in 0.19 ms, found 1 plugins.
Preloading 0 native plugins for Editor in 0.00 ms.
Unloading 1120 Unused Serialized files (Serialized files now loaded: 0)
System memory in use before: 148.7 MB.
System memory in use after: 148.8 MB.

Unloading 4 unused Assets to reduce memory usage. Loaded Objects now: 1605.
Total: 1.189084 ms (FindLiveObjects: 0.134750 ms CreateObjectMapping: 0.025417 ms MarkObjects: 1.007292 ms  DeleteObjects: 0.020167 ms)

========================================================================
Received Import Request.
  Time since last request: 2230.155063 seconds.
  path: Assets/Daniel_Assets/Window_Graph3.cs
  artifactKey: Guid(33157eb5c260a4b9485e849bb2fcb343) Importer(815301076,1909f56bfc062723c751e8b465ee728b)
Start importing Assets/Daniel_Assets/Window_Graph3.cs using Guid(33157eb5c260a4b9485e849bb2fcb343) Importer(815301076,1909f56bfc062723c751e8b465ee728b)  -> (artifact id: '6a6b07e8a2900d0532db1e86f58eefc2') in 0.010403 seconds
  Import took 0.013226 seconds .

========================================================================
Received Prepare
Registering precompiled user dll's ...
Registered in 0.000521 seconds.
Begin MonoManager ReloadAssembly
Native extension for OSXStandalone target not found
Refreshing native plugins compatible for Editor in 0.29 ms, found 1 plugins.
Preloading 0 native plugins for Editor in 0.00 ms.
Invoked RoslynAnalysisRunner static constructor.
RoslynAnalysisRunner will not be running.
RoslynAnalysisRunner has terminated.
Mono: successfully reloaded assembly
- Completed reload, in  1.413 seconds
Platform modules already initialized, skipping
Refreshing native plugins compatible for Editor in 0.19 ms, found 1 plugins.
Preloading 0 native plugins for Editor in 0.00 ms.
Unloading 1120 Unused Serialized files (Serialized files now loaded: 0)
System memory in use before: 150.1 MB.
System memory in use after: 150.2 MB.

Unloading 4 unused Assets to reduce memory usage. Loaded Objects now: 1608.
Total: 1.111916 ms (FindLiveObjects: 0.087375 ms CreateObjectMapping: 0.025083 ms MarkObjects: 0.983000 ms  DeleteObjects: 0.015500 ms)

========================================================================
Received Prepare
Registering precompiled user dll's ...
Registered in 0.000547 seconds.
Begin MonoManager ReloadAssembly
Native extension for OSXStandalone target not found
Refreshing native plugins compatible for Editor in 0.20 ms, found 1 plugins.
Preloading 0 native plugins for Editor in 0.00 ms.
Invoked RoslynAnalysisRunner static constructor.
RoslynAnalysisRunner will not be running.
RoslynAnalysisRunner has terminated.
Mono: successfully reloaded assembly
- Completed reload, in  1.472 seconds
Platform modules already initialized, skipping
Refreshing native plugins compatible for Editor in 0.22 ms, found 1 plugins.
Preloading 0 native plugins for Editor in 0.00 ms.
Unloading 1120 Unused Serialized files (Serialized files now loaded: 0)
System memory in use before: 151.5 MB.
System memory in use after: 151.6 MB.

Unloading 4 unused Assets to reduce memory usage. Loaded Objects now: 1611.
Total: 1.644125 ms (FindLiveObjects: 0.165416 ms CreateObjectMapping: 0.028500 ms MarkObjects: 1.426625 ms  DeleteObjects: 0.021708 ms)

========================================================================
Received Prepare
Registering precompiled user dll's ...
Registered in 0.000483 seconds.
Begin MonoManager ReloadAssembly
Native extension for OSXStandalone target not found
Refreshing native plugins compatible for Editor in 0.20 ms, found 1 plugins.
Preloading 0 native plugins for Editor in 0.00 ms.
Invoked RoslynAnalysisRunner static constructor.
RoslynAnalysisRunner will not be running.
RoslynAnalysisRunner has terminated.
Mono: successfully reloaded assembly
- Completed reload, in  1.414 seconds
Platform modules already initialized, skipping
Refreshing native plugins compatible for Editor in 0.20 ms, found 1 plugins.
Preloading 0 native plugins for Editor in 0.00 ms.
Unloading 1120 Unused Serialized files (Serialized files now loaded: 0)
System memory in use before: 152.9 MB.
System memory in use after: 153.0 MB.

Unloading 4 unused Assets to reduce memory usage. Loaded Objects now: 1614.
Total: 1.206542 ms (FindLiveObjects: 0.107792 ms CreateObjectMapping: 0.023750 ms MarkObjects: 1.061458 ms  DeleteObjects: 0.012458 ms)

========================================================================
Received Prepare
Registering precompiled user dll's ...
Registered in 0.000544 seconds.
Begin MonoManager ReloadAssembly
Native extension for OSXStandalone target not found
Refreshing native plugins compatible for Editor in 0.27 ms, found 1 plugins.
Preloading 0 native plugins for Editor in 0.00 ms.
Invoked RoslynAnalysisRunner static constructor.
RoslynAnalysisRunner will not be running.
RoslynAnalysisRunner has terminated.
Mono: successfully reloaded assembly
- Completed reload, in  1.428 seconds
Platform modules already initialized, skipping
Refreshing native plugins compatible for Editor in 0.20 ms, found 1 plugins.
Preloading 0 native plugins for Editor in 0.00 ms.
Unloading 1120 Unused Serialized files (Serialized files now loaded: 0)
System memory in use before: 154.3 MB.
System memory in use after: 154.4 MB.

Unloading 4 unused Assets to reduce memory usage. Loaded Objects now: 1617.
Total: 1.189375 ms (FindLiveObjects: 0.142750 ms CreateObjectMapping: 0.025000 ms MarkObjects: 1.007375 ms  DeleteObjects: 0.012792 ms)

========================================================================
Received Import Request.
  Time since last request: 800.205196 seconds.
  path: Assets/Daniel_Scenes/Temp-random_animated.unity
  artifactKey: Guid(9fc0d4010bbf28b4594072e72b8655ab) Importer(815301076,1909f56bfc062723c751e8b465ee728b)
Start importing Assets/Daniel_Scenes/Temp-random_animated.unity using Guid(9fc0d4010bbf28b4594072e72b8655ab) Importer(815301076,1909f56bfc062723c751e8b465ee728b)  -> (artifact id: '747e27ef25c5e6f497be38e14d662353') in 0.014752 seconds
  Import took 0.016681 seconds .

========================================================================
Received Import Request.
  Time since last request: 57.894407 seconds.
  path: Assets/Daniel_Scenes/Temp_randomAnimated].unity
  artifactKey: Guid(9fc0d4010bbf28b4594072e72b8655ab) Importer(815301076,1909f56bfc062723c751e8b465ee728b)
Start importing Assets/Daniel_Scenes/Temp_randomAnimated].unity using Guid(9fc0d4010bbf28b4594072e72b8655ab) Importer(815301076,1909f56bfc062723c751e8b465ee728b)  -> (artifact id: '6b2eae1af07dc1c3672c9657ecde4bd9') in 0.002043 seconds
  Import took 0.004216 seconds .

========================================================================
Received Prepare
Registering precompiled user dll's ...
Registered in 0.000941 seconds.
Begin MonoManager ReloadAssembly
Native extension for OSXStandalone target not found
Refreshing native plugins compatible for Editor in 0.22 ms, found 1 plugins.
Preloading 0 native plugins for Editor in 0.00 ms.
Invoked RoslynAnalysisRunner static constructor.
RoslynAnalysisRunner will not be running.
RoslynAnalysisRunner has terminated.
Mono: successfully reloaded assembly
- Completed reload, in  1.518 seconds
Platform modules already initialized, skipping
Refreshing native plugins compatible for Editor in 0.32 ms, found 1 plugins.
Preloading 0 native plugins for Editor in 0.00 ms.
Unloading 1120 Unused Serialized files (Serialized files now loaded: 0)
System memory in use before: 155.7 MB.
System memory in use after: 155.8 MB.

Unloading 4 unused Assets to reduce memory usage. Loaded Objects now: 1620.
Total: 1.244583 ms (FindLiveObjects: 0.154958 ms CreateObjectMapping: 0.023917 ms MarkObjects: 1.049750 ms  DeleteObjects: 0.014625 ms)

========================================================================
Received Import Request.
  Time since last request: 1748.201988 seconds.
  path: Assets/Daniel_Assets/LoadData3a.cs
  artifactKey: Guid(01cb41d24eb2d4650b0e8dadeee3a69e) Importer(815301076,1909f56bfc062723c751e8b465ee728b)
Start importing Assets/Daniel_Assets/LoadData3a.cs using Guid(01cb41d24eb2d4650b0e8dadeee3a69e) Importer(815301076,1909f56bfc062723c751e8b465ee728b)  -> (artifact id: 'a4b525b36d138bfdcf35372bef36595c') in 0.006793 seconds
  Import took 0.008385 seconds .

========================================================================
Received Import Request.
  Time since last request: 0.011156 seconds.
  path: Assets/Daniel_Assets/LoadData3a.cs
  artifactKey: Guid(01cb41d24eb2d4650b0e8dadeee3a69e) Importer(815301076,1909f56bfc062723c751e8b465ee728b)
Start importing Assets/Daniel_Assets/LoadData3a.cs using Guid(01cb41d24eb2d4650b0e8dadeee3a69e) Importer(815301076,1909f56bfc062723c751e8b465ee728b)  -> (artifact id: 'a4b525b36d138bfdcf35372bef36595c') in 0.002331 seconds
  Import took 0.004158 seconds .

========================================================================
Received Prepare
Registering precompiled user dll's ...
Registered in 0.002570 seconds.
Begin MonoManager ReloadAssembly
Native extension for OSXStandalone target not found
Refreshing native plugins compatible for Editor in 0.20 ms, found 1 plugins.
Preloading 0 native plugins for Editor in 0.00 ms.
Invoked RoslynAnalysisRunner static constructor.
RoslynAnalysisRunner will not be running.
RoslynAnalysisRunner has terminated.
Mono: successfully reloaded assembly
- Completed reload, in  1.449 seconds
Platform modules already initialized, skipping
Refreshing native plugins compatible for Editor in 0.19 ms, found 1 plugins.
Preloading 0 native plugins for Editor in 0.00 ms.
Unloading 1120 Unused Serialized files (Serialized files now loaded: 0)
System memory in use before: 157.1 MB.
System memory in use after: 157.2 MB.

Unloading 4 unused Assets to reduce memory usage. Loaded Objects now: 1623.
Total: 1.394000 ms (FindLiveObjects: 0.208875 ms CreateObjectMapping: 0.026250 ms MarkObjects: 1.136875 ms  DeleteObjects: 0.019917 ms)

